[INFO  - 2015-06-01T05:12:38.116Z] GhostDriver - Main - running on port 17568
[INFO  - 2015-06-01T05:12:38.807Z] Session [d27ad540-081c-11e5-8821-7df41decf809] - _decorateNewWindow - page.settings: {"XSSAuditingEnabled":false,"javascriptCanCloseWindows":true,"javascriptCanOpenWindows":true,"javascriptEnabled":true,"loadImages":true,"localToRemoteUrlAccessEnabled":false,"userAgent":"Mozilla/5.0 (Macintosh; Intel Mac OS X) AppleWebKit/534.34 (KHTML, like Gecko) PhantomJS/1.9.2 Safari/534.34","webSecurityEnabled":true}
[INFO  - 2015-06-01T05:12:38.808Z] Session [d27ad540-081c-11e5-8821-7df41decf809] - page.customHeaders:  - {}
[INFO  - 2015-06-01T05:12:38.808Z] Session [d27ad540-081c-11e5-8821-7df41decf809] - CONSTRUCTOR - Desired Capabilities: {"phantomjs.binary.path":"driver/phantomjs"}
[INFO  - 2015-06-01T05:12:38.808Z] Session [d27ad540-081c-11e5-8821-7df41decf809] - CONSTRUCTOR - Negotiated Capabilities: {"browserName":"phantomjs","version":"1.9.2","driverName":"ghostdriver","driverVersion":"1.0.4","platform":"mac-unknown-32bit","javascriptEnabled":true,"takesScreenshot":true,"handlesAlerts":false,"databaseEnabled":false,"locationContextEnabled":false,"applicationCacheEnabled":false,"browserConnectionEnabled":false,"cssSelectorsEnabled":true,"webStorageEnabled":false,"rotatable":false,"acceptSslCerts":false,"nativeEvents":true,"proxy":{"proxyType":"direct"}}
[INFO  - 2015-06-01T05:12:38.808Z] SessionManagerReqHand - _postNewSessionCommand - New Session Created: d27ad540-081c-11e5-8821-7df41decf809
[INFO  - 2015-06-01T05:12:39.402Z] ShutdownReqHand - _handle - About to shutdown
[INFO  - 2015-06-01T05:12:41.011Z] GhostDriver - Main - running on port 16132
[INFO  - 2015-06-01T05:12:41.429Z] Session [d40ac410-081c-11e5-8d8b-69141461eccb] - _decorateNewWindow - page.settings: {"XSSAuditingEnabled":false,"javascriptCanCloseWindows":true,"javascriptCanOpenWindows":true,"javascriptEnabled":true,"loadImages":true,"localToRemoteUrlAccessEnabled":false,"userAgent":"Mozilla/5.0 (Macintosh; Intel Mac OS X) AppleWebKit/534.34 (KHTML, like Gecko) PhantomJS/1.9.2 Safari/534.34","webSecurityEnabled":true}
[INFO  - 2015-06-01T05:12:41.429Z] Session [d40ac410-081c-11e5-8d8b-69141461eccb] - page.customHeaders:  - {}
[INFO  - 2015-06-01T05:12:41.429Z] Session [d40ac410-081c-11e5-8d8b-69141461eccb] - CONSTRUCTOR - Desired Capabilities: {"phantomjs.binary.path":"driver/phantomjs"}
[INFO  - 2015-06-01T05:12:41.429Z] Session [d40ac410-081c-11e5-8d8b-69141461eccb] - CONSTRUCTOR - Negotiated Capabilities: {"browserName":"phantomjs","version":"1.9.2","driverName":"ghostdriver","driverVersion":"1.0.4","platform":"mac-unknown-32bit","javascriptEnabled":true,"takesScreenshot":true,"handlesAlerts":false,"databaseEnabled":false,"locationContextEnabled":false,"applicationCacheEnabled":false,"browserConnectionEnabled":false,"cssSelectorsEnabled":true,"webStorageEnabled":false,"rotatable":false,"acceptSslCerts":false,"nativeEvents":true,"proxy":{"proxyType":"direct"}}
[INFO  - 2015-06-01T05:12:41.429Z] SessionManagerReqHand - _postNewSessionCommand - New Session Created: d40ac410-081c-11e5-8d8b-69141461eccb
[INFO  - 2015-06-01T05:12:41.690Z] ShutdownReqHand - _handle - About to shutdown
[INFO  - 2015-06-01T05:14:21.290Z] GhostDriver - Main - running on port 6036
[INFO  - 2015-06-01T05:14:21.889Z] Session [0feb97c0-081d-11e5-b969-01e2e11e3d4a] - _decorateNewWindow - page.settings: {"XSSAuditingEnabled":false,"javascriptCanCloseWindows":true,"javascriptCanOpenWindows":true,"javascriptEnabled":true,"loadImages":true,"localToRemoteUrlAccessEnabled":false,"userAgent":"Mozilla/5.0 (Macintosh; Intel Mac OS X) AppleWebKit/534.34 (KHTML, like Gecko) PhantomJS/1.9.2 Safari/534.34","webSecurityEnabled":true}
[INFO  - 2015-06-01T05:14:21.889Z] Session [0feb97c0-081d-11e5-b969-01e2e11e3d4a] - page.customHeaders:  - {}
[INFO  - 2015-06-01T05:14:21.889Z] Session [0feb97c0-081d-11e5-b969-01e2e11e3d4a] - CONSTRUCTOR - Desired Capabilities: {"phantomjs.binary.path":"driver/phantomjs"}
[INFO  - 2015-06-01T05:14:21.890Z] Session [0feb97c0-081d-11e5-b969-01e2e11e3d4a] - CONSTRUCTOR - Negotiated Capabilities: {"browserName":"phantomjs","version":"1.9.2","driverName":"ghostdriver","driverVersion":"1.0.4","platform":"mac-unknown-32bit","javascriptEnabled":true,"takesScreenshot":true,"handlesAlerts":false,"databaseEnabled":false,"locationContextEnabled":false,"applicationCacheEnabled":false,"browserConnectionEnabled":false,"cssSelectorsEnabled":true,"webStorageEnabled":false,"rotatable":false,"acceptSslCerts":false,"nativeEvents":true,"proxy":{"proxyType":"direct"}}
[INFO  - 2015-06-01T05:14:21.890Z] SessionManagerReqHand - _postNewSessionCommand - New Session Created: 0feb97c0-081d-11e5-b969-01e2e11e3d4a
[ERROR - 2015-06-01T05:14:22.352Z] WebElementLocator - _handleLocateCommand - Element(s) NOT Found: GAVE UP. Search Stop Time: 1433135662330
[INFO  - 2015-06-01T05:14:22.453Z] ShutdownReqHand - _handle - About to shutdown
[INFO  - 2015-06-01T05:14:24.196Z] GhostDriver - Main - running on port 20329
[INFO  - 2015-06-01T05:14:24.482Z] Session [11778ef0-081d-11e5-aee4-913323db3b87] - _decorateNewWindow - page.settings: {"XSSAuditingEnabled":false,"javascriptCanCloseWindows":true,"javascriptCanOpenWindows":true,"javascriptEnabled":true,"loadImages":true,"localToRemoteUrlAccessEnabled":false,"userAgent":"Mozilla/5.0 (Macintosh; Intel Mac OS X) AppleWebKit/534.34 (KHTML, like Gecko) PhantomJS/1.9.2 Safari/534.34","webSecurityEnabled":true}
[INFO  - 2015-06-01T05:14:24.482Z] Session [11778ef0-081d-11e5-aee4-913323db3b87] - page.customHeaders:  - {}
[INFO  - 2015-06-01T05:14:24.482Z] Session [11778ef0-081d-11e5-aee4-913323db3b87] - CONSTRUCTOR - Desired Capabilities: {"phantomjs.binary.path":"driver/phantomjs"}
[INFO  - 2015-06-01T05:14:24.482Z] Session [11778ef0-081d-11e5-aee4-913323db3b87] - CONSTRUCTOR - Negotiated Capabilities: {"browserName":"phantomjs","version":"1.9.2","driverName":"ghostdriver","driverVersion":"1.0.4","platform":"mac-unknown-32bit","javascriptEnabled":true,"takesScreenshot":true,"handlesAlerts":false,"databaseEnabled":false,"locationContextEnabled":false,"applicationCacheEnabled":false,"browserConnectionEnabled":false,"cssSelectorsEnabled":true,"webStorageEnabled":false,"rotatable":false,"acceptSslCerts":false,"nativeEvents":true,"proxy":{"proxyType":"direct"}}
[INFO  - 2015-06-01T05:14:24.483Z] SessionManagerReqHand - _postNewSessionCommand - New Session Created: 11778ef0-081d-11e5-aee4-913323db3b87
[ERROR - 2015-06-01T05:14:24.932Z] WebElementLocator - _handleLocateCommand - Element(s) NOT Found: GAVE UP. Search Stop Time: 1433135664906
[INFO  - 2015-06-01T05:14:25.027Z] ShutdownReqHand - _handle - About to shutdown
[INFO  - 2015-06-01T05:14:53.052Z] GhostDriver - Main - running on port 9861
[INFO  - 2015-06-01T05:14:53.663Z] Session [22dc39c0-081d-11e5-8ffb-0763ca129604] - _decorateNewWindow - page.settings: {"XSSAuditingEnabled":false,"javascriptCanCloseWindows":true,"javascriptCanOpenWindows":true,"javascriptEnabled":true,"loadImages":true,"localToRemoteUrlAccessEnabled":false,"userAgent":"Mozilla/5.0 (Macintosh; Intel Mac OS X) AppleWebKit/534.34 (KHTML, like Gecko) PhantomJS/1.9.2 Safari/534.34","webSecurityEnabled":true}
[INFO  - 2015-06-01T05:14:53.663Z] Session [22dc39c0-081d-11e5-8ffb-0763ca129604] - page.customHeaders:  - {}
[INFO  - 2015-06-01T05:14:53.663Z] Session [22dc39c0-081d-11e5-8ffb-0763ca129604] - CONSTRUCTOR - Desired Capabilities: {"phantomjs.binary.path":"driver/phantomjs"}
[INFO  - 2015-06-01T05:14:53.663Z] Session [22dc39c0-081d-11e5-8ffb-0763ca129604] - CONSTRUCTOR - Negotiated Capabilities: {"browserName":"phantomjs","version":"1.9.2","driverName":"ghostdriver","driverVersion":"1.0.4","platform":"mac-unknown-32bit","javascriptEnabled":true,"takesScreenshot":true,"handlesAlerts":false,"databaseEnabled":false,"locationContextEnabled":false,"applicationCacheEnabled":false,"browserConnectionEnabled":false,"cssSelectorsEnabled":true,"webStorageEnabled":false,"rotatable":false,"acceptSslCerts":false,"nativeEvents":true,"proxy":{"proxyType":"direct"}}
[INFO  - 2015-06-01T05:14:53.663Z] SessionManagerReqHand - _postNewSessionCommand - New Session Created: 22dc39c0-081d-11e5-8ffb-0763ca129604
[ERROR - 2015-06-01T05:14:55.224Z] WebElementLocator - _handleLocateCommand - Element(s) NOT Found: GAVE UP. Search Stop Time: 1433135695202
[INFO  - 2015-06-01T05:14:55.311Z] ShutdownReqHand - _handle - About to shutdown
[INFO  - 2015-06-01T05:14:57.044Z] GhostDriver - Main - running on port 29300
[INFO  - 2015-06-01T05:14:57.340Z] Session [250d2380-081d-11e5-8a23-2589f5ed1543] - _decorateNewWindow - page.settings: {"XSSAuditingEnabled":false,"javascriptCanCloseWindows":true,"javascriptCanOpenWindows":true,"javascriptEnabled":true,"loadImages":true,"localToRemoteUrlAccessEnabled":false,"userAgent":"Mozilla/5.0 (Macintosh; Intel Mac OS X) AppleWebKit/534.34 (KHTML, like Gecko) PhantomJS/1.9.2 Safari/534.34","webSecurityEnabled":true}
[INFO  - 2015-06-01T05:14:57.340Z] Session [250d2380-081d-11e5-8a23-2589f5ed1543] - page.customHeaders:  - {}
[INFO  - 2015-06-01T05:14:57.340Z] Session [250d2380-081d-11e5-8a23-2589f5ed1543] - CONSTRUCTOR - Desired Capabilities: {"phantomjs.binary.path":"driver/phantomjs"}
[INFO  - 2015-06-01T05:14:57.340Z] Session [250d2380-081d-11e5-8a23-2589f5ed1543] - CONSTRUCTOR - Negotiated Capabilities: {"browserName":"phantomjs","version":"1.9.2","driverName":"ghostdriver","driverVersion":"1.0.4","platform":"mac-unknown-32bit","javascriptEnabled":true,"takesScreenshot":true,"handlesAlerts":false,"databaseEnabled":false,"locationContextEnabled":false,"applicationCacheEnabled":false,"browserConnectionEnabled":false,"cssSelectorsEnabled":true,"webStorageEnabled":false,"rotatable":false,"acceptSslCerts":false,"nativeEvents":true,"proxy":{"proxyType":"direct"}}
[INFO  - 2015-06-01T05:14:57.340Z] SessionManagerReqHand - _postNewSessionCommand - New Session Created: 250d2380-081d-11e5-8a23-2589f5ed1543
[ERROR - 2015-06-01T05:14:57.701Z] WebElementLocator - _handleLocateCommand - Element(s) NOT Found: GAVE UP. Search Stop Time: 1433135697673
[INFO  - 2015-06-01T05:14:57.790Z] ShutdownReqHand - _handle - About to shutdown
